<?xml version="1.0" encoding="UTF-8"?>
<!-- Generated by org.testng.reporters.JUnitXMLReporter -->
<testsuite hostname="richasdys-MBP" name="case1" tests="4" failures="0" timestamp="11 Oct 2016 22:23:05 GMT" time="0.028" errors="0">
  <testcase name="runTest1" time="0.006" classname="com.richasdy.HelloTesting.TestNG.TestConfiguration"/>
  <testcase name="runTest2" time="0.001" classname="com.richasdy.HelloTesting.TestNG.TestConfiguration"/>
  <testcase name="runOtherTest1" time="0.001" classname="com.richasdy.HelloTesting.TestNG.TestDBConnection"/>
  <testcase name="runOtherTest2" time="0.001" classname="com.richasdy.HelloTesting.TestNG.TestDBConnection"/>
</testsuite> <!-- case1 -->
