<?xml version="1.0" encoding="UTF-8"?>
<!-- Generated by org.testng.reporters.JUnitXMLReporter -->
<testsuite hostname="richasdys-MBP" name="final" tests="7" failures="0" timestamp="12 Oct 2016 09:33:55 GMT" time="0.038" errors="0">
  <testcase name="runSelenium" time="0.007" classname="com.richasdy.HelloTesting.TestNG.TestGroupClass"/>
  <testcase name="runSelenium1" time="0.002" classname="com.richasdy.HelloTesting.TestNG.TestGroupClass"/>
  <testcase name="runSelenium" time="0.002" classname="com.richasdy.HelloTesting.TestNG.TestGroup"/>
  <testcase name="runSelenium1" time="0.001" classname="com.richasdy.HelloTesting.TestNG.TestGroup"/>
  <testcase name="testConnectMsSQL" time="0.002" classname="com.richasdy.HelloTesting.TestNG.TestGroup"/>
  <testcase name="testConnectOracle" time="0.002" classname="com.richasdy.HelloTesting.TestNG.TestGroup"/>
  <testcase name="runFinal" time="0.001" classname="com.richasdy.HelloTesting.TestNG.TestGroup"/>
</testsuite> <!-- final -->
