<?xml version="1.0" encoding="UTF-8"?>
<!-- Generated by org.testng.reporters.JUnitXMLReporter -->
<testsuite hostname="richasdys-MacBook-Pro.local" name="Default test" tests="6" failures="0" timestamp="13 Oct 2016 03:16:45 GMT" time="23.022" errors="0">
  <testcase name="loadTest" time="8.777" classname="com.richasdy.HelloTesting.TestNG.LoadTest.TestMultipleThreads"/>
  <testcase name="loadTest" time="8.777" classname="com.richasdy.HelloTesting.TestNG.LoadTest.TestMultipleThreads"/>
  <testcase name="loadTest" time="8.103" classname="com.richasdy.HelloTesting.TestNG.LoadTest.TestMultipleThreads"/>
  <testcase name="loadTest" time="8.102" classname="com.richasdy.HelloTesting.TestNG.LoadTest.TestMultipleThreads"/>
  <testcase name="loadTestThisWebsite" time="3.135" classname="com.richasdy.HelloTesting.TestNG.LoadTest.TestMultipleThreads"/>
  <testcase name="loadTestThisWebsite" time="2.967" classname="com.richasdy.HelloTesting.TestNG.LoadTest.TestMultipleThreads"/>
</testsuite> <!-- Default test -->
