<?xml version="1.0" encoding="UTF-8"?>
<!-- Generated by org.testng.reporters.JUnitXMLReporter -->
<testsuite hostname="richasdys-MacBook-Pro.local" name="Default test" tests="4" failures="0" timestamp="13 Oct 2016 04:10:35 GMT" time="0.035" errors="0">
  <testcase name="testConnectMongoDB" time="0.011" classname="com.richasdy.HelloTesting.TestNG.TestDatabase"/>
  <testcase name="testConnectMsSQL" time="0.002" classname="com.richasdy.HelloTesting.TestNG.TestDatabase"/>
  <testcase name="testConnectMySQL" time="0.002" classname="com.richasdy.HelloTesting.TestNG.TestDatabase"/>
  <testcase name="testConnectOracle" time="0.003" classname="com.richasdy.HelloTesting.TestNG.TestDatabase"/>
</testsuite> <!-- Default test -->
