<?xml version="1.0" encoding="UTF-8"?>
<!-- Generated by org.testng.reporters.JUnitXMLReporter -->
<testsuite hostname="richasdys-MBP" name="TestCase1" tests="6" failures="0" timestamp="12 Oct 2016 11:19:17 GMT" time="0.048" errors="0">
  <testcase name="deployServer" time="0.011" classname="com.richasdy.HelloTesting.TestNG.depedencyCase.TestDatabase"/>
  <testcase name="deployBackUpServer" time="0.002" classname="com.richasdy.HelloTesting.TestNG.depedencyCase.TestDatabase"/>
  <testcase name="initDB" time="0.001" classname="com.richasdy.HelloTesting.TestNG.depedencyCase.TestServer"/>
  <testcase name="testConnection" time="0.002" classname="com.richasdy.HelloTesting.TestNG.depedencyCase.TestServer"/>
  <testcase name="method1" time="0.001" classname="com.richasdy.HelloTesting.TestNG.depedencyCase.TestApp"/>
  <testcase name="method2" time="0.002" classname="com.richasdy.HelloTesting.TestNG.depedencyCase.TestApp"/>
</testsuite> <!-- TestCase1 -->
