<?xml version="1.0" encoding="UTF-8"?>
<testng-results skipped="0" failed="0" total="1" passed="1">
  <reporter-output>
  </reporter-output>
  <suite name="test-parameter" duration-ms="30" started-at="2016-10-12T12:32:42Z" finished-at="2016-10-12T12:32:42Z">
    <groups>
      <group name="groupB">
        <method signature="TestParameterDataProviderITestContext.test2(int)[pri:0, instance:com.richasdy.HelloTesting.TestNG.TestParameterDataProviderITestContext@5d5eef3d]" name="test2" class="com.richasdy.HelloTesting.TestNG.TestParameterDataProviderITestContext"/>
      </group> <!-- groupB -->
    </groups>
    <test name="example1" duration-ms="30" started-at="2016-10-12T12:32:42Z" finished-at="2016-10-12T12:32:42Z">
      <class name="com.richasdy.HelloTesting.TestNG.TestParameterDataProviderITestContext">
        <test-method status="PASS" signature="test2(int)[pri:0, instance:com.richasdy.HelloTesting.TestNG.TestParameterDataProviderITestContext@5d5eef3d]" name="test2" duration-ms="12" started-at="2016-10-12T19:32:42Z" data-provider="dataProvider" finished-at="2016-10-12T19:32:42Z">
          <params>
            <param index="0">
              <value>
                <![CDATA[2]]>
              </value>
            </param>
          </params>
          <reporter-output>
          </reporter-output>
        </test-method> <!-- test2 -->
      </class> <!-- com.richasdy.HelloTesting.TestNG.TestParameterDataProviderITestContext -->
    </test> <!-- example1 -->
  </suite> <!-- test-parameter -->
</testng-results>
