<?xml version="1.0" encoding="UTF-8"?>
<testng-results skipped="0" failed="0" total="1" passed="1">
  <reporter-output>
  </reporter-output>
  <suite name="Suite" duration-ms="38" started-at="2016-10-11T22:11:04Z" finished-at="2016-10-11T22:11:04Z">
    <groups>
    </groups>
    <test name="Test" duration-ms="38" started-at="2016-10-11T22:11:04Z" finished-at="2016-10-11T22:11:04Z">
      <class name="com.richasdy.HelloTesting.TestNG.TestHelloWorld">
        <test-method status="PASS" signature="testEmailGenerator()[pri:0, instance:com.richasdy.HelloTesting.TestNG.TestHelloWorld@48eff760]" name="testEmailGenerator" duration-ms="19" started-at="2016-10-12T05:11:04Z" finished-at="2016-10-12T05:11:04Z">
          <reporter-output>
          </reporter-output>
        </test-method> <!-- testEmailGenerator -->
      </class> <!-- com.richasdy.HelloTesting.TestNG.TestHelloWorld -->
    </test> <!-- Test -->
  </suite> <!-- Suite -->
</testng-results>
